Using pre-set license
Built from 'trunk' branch; Version is '2021.2.0a6 (dc497bf8326a) revision 14436731'; Using compiler version '192829333'; Build Type 'Release'
OS: 'Windows 10 Home China; OS build 19042.985; Version 2009; 64bit' Language: 'zh' Physical Memory: 16204 MB
BatchMode: 1, IsHumanControllingUs: 0, StartBugReporterOnCrash: 0, Is64bit: 1, IsPro: 0

 COMMAND LINE ARGUMENTS:
C:\Program Files\Unity\Hub\Editor\2021.2.0a6\Editor\Unity.exe
-adb2
-batchMode
-noUpm
-name
AssetImportWorker0
-projectPath
C:/Users/GIS/Desktop/New Unity Projectwu
-logFile
Logs/AssetImportWorker0.log
-srvPort
52434
Successfully changed project path to: C:/Users/GIS/Desktop/New Unity Projectwu
C:/Users/GIS/Desktop/New Unity Projectwu
Using Asset Import Pipeline V2.
Refreshing native plugins compatible for Editor in 51.33 ms, found 1 plugins.
Preloading 0 native plugins for Editor in 0.00 ms.
Initialize engine version: 2021.2.0a6 (dc497bf8326a)
[Subsystems] Discovering subsystems at path C:/Program Files/Unity/Hub/Editor/2021.2.0a6/Editor/Data/Resources/UnitySubsystems
[Subsystems] Discovering subsystems at path C:/Users/GIS/Desktop/New Unity Projectwu/Assets
GfxDevice: creating device client; threaded=0; jobified=0
Direct3D:
    Version:  Direct3D 11.0 [level 11.1]
    Renderer: NVIDIA GeForce GTX 1660 Ti (ID=0x2191)
    Vendor:   NVIDIA
    VRAM:     5991 MB
    Driver:   26.21.14.4223
Initialize mono
Mono path[0] = 'C:/Program Files/Unity/Hub/Editor/2021.2.0a6/Editor/Data/Managed'
Mono path[1] = 'C:/Program Files/Unity/Hub/Editor/2021.2.0a6/Editor/Data/MonoBleedingEdge/lib/mono/unityjit'
Mono config path = 'C:/Program Files/Unity/Hub/Editor/2021.2.0a6/Editor/Data/MonoBleedingEdge/etc'
Using monoOptions --debugger-agent=transport=dt_socket,embedding=1,server=y,suspend=n,address=127.0.0.1:56720
Begin MonoManager ReloadAssembly
Registering precompiled unity dll's ...
Register platform support module: C:/Program Files/Unity/Hub/Editor/2021.2.0a6/Editor/Data/PlaybackEngines/WebGLSupport/UnityEditor.WebGL.Extensions.dll
Register platform support module: C:/Program Files/Unity/Hub/Editor/2021.2.0a6/Editor/Data/PlaybackEngines/WindowsStandaloneSupport/UnityEditor.WindowsStandalone.Extensions.dll
Registered in 0.002264 seconds.
Native extension for WindowsStandalone target not found
Native extension for WebGL target not found
Refreshing native plugins compatible for Editor in 52.48 ms, found 1 plugins.
Preloading 0 native plugins for Editor in 0.00 ms.
Mono: successfully reloaded assembly
- Completed reload, in  1.208 seconds
Platform modules already initialized, skipping
Registering precompiled user dll's ...
Registered in 0.005547 seconds.
Begin MonoManager ReloadAssembly
Native extension for WindowsStandalone target not found
Native extension for WebGL target not found
Refreshing native plugins compatible for Editor in 0.51 ms, found 1 plugins.
Preloading 0 native plugins for Editor in 0.00 ms.
Mono: successfully reloaded assembly
- Completed reload, in  0.943 seconds
Platform modules already initialized, skipping
========================================================================
Worker process is ready to serve import requests
Launched and connected shader compiler UnityShaderCompiler.exe after 0.06 seconds
Refreshing native plugins compatible for Editor in 0.46 ms, found 1 plugins.
Preloading 0 native plugins for Editor in 0.00 ms.
Unloading 2919 Unused Serialized files (Serialized files now loaded: 0)
System memory in use before: 105.0 MB.
System memory in use after: 105.2 MB.

Unloading 21 unused Assets to reduce memory usage. Loaded Objects now: 3369.
Total: 1.829200 ms (FindLiveObjects: 0.208600 ms CreateObjectMapping: 0.138400 ms MarkObjects: 1.425400 ms  DeleteObjects: 0.056200 ms)

========================================================================
Received Import Request.
  path: Assets/Scenes/New Folder/NewBehaviourScript.cs
  artifactKey: Guid(69311d43ccfa7514f932a4d059e4fede) Importer(815301076,1909f56bfc062723c751e8b465ee728b)
Start importing Assets/Scenes/New Folder/NewBehaviourScript.cs using Guid(69311d43ccfa7514f932a4d059e4fede) Importer(815301076,1909f56bfc062723c751e8b465ee728b)  -> (artifact id: '5cce6b946bc75341d7aaa1192e92c422') in 0.026807 seconds 
========================================================================
Received Import Request.
  Time since last request: 135.401609 seconds.
  path: Assets/move1.cs
  artifactKey: Guid(323b2f23aac34b743b1165d588951764) Importer(815301076,1909f56bfc062723c751e8b465ee728b)
Start importing Assets/move1.cs using Guid(323b2f23aac34b743b1165d588951764) Importer(815301076,1909f56bfc062723c751e8b465ee728b)  -> (artifact id: '4fa6be4a1a68101ecfabd0509939ef2d') in 0.003379 seconds 
========================================================================
Received Import Request.
  Time since last request: 0.452544 seconds.
  path: Assets/move.cs
  artifactKey: Guid(565cdacb1f395654f89c345a8f1be0d8) Importer(815301076,1909f56bfc062723c751e8b465ee728b)
Start importing Assets/move.cs using Guid(565cdacb1f395654f89c345a8f1be0d8) Importer(815301076,1909f56bfc062723c751e8b465ee728b)  -> (artifact id: '06087be4ce7da81aa72a0bf984ededa4') in 0.004524 seconds 
========================================================================
Received Import Request.
  Time since last request: 602.755153 seconds.
  path: Assets/move1.cs
  artifactKey: Guid(323b2f23aac34b743b1165d588951764) Importer(815301076,1909f56bfc062723c751e8b465ee728b)
Start importing Assets/move1.cs using Guid(323b2f23aac34b743b1165d588951764) Importer(815301076,1909f56bfc062723c751e8b465ee728b)  -> (artifact id: 'e01033f4bb18cd86f380a71b3b58aab8') in 0.002369 seconds 
========================================================================
Received Import Request.
  Time since last request: 120.147060 seconds.
  path: Assets/Scenes/New Folder/NewBehaviourScript.cs
  artifactKey: Guid(69311d43ccfa7514f932a4d059e4fede) Importer(815301076,1909f56bfc062723c751e8b465ee728b)
Start importing Assets/Scenes/New Folder/NewBehaviourScript.cs using Guid(69311d43ccfa7514f932a4d059e4fede) Importer(815301076,1909f56bfc062723c751e8b465ee728b)  -> (artifact id: 'faf2275887f7cbde99f3246cae6972f6') in 0.002121 seconds 
========================================================================
Received Import Request.
  Time since last request: 763.558144 seconds.
  path: Assets
  artifactKey: Guid(00000000000000001000000000000000) Importer(815301076,1909f56bfc062723c751e8b465ee728b)
Start importing Assets using Guid(00000000000000001000000000000000) Importer(815301076,1909f56bfc062723c751e8b465ee728b)  -> (artifact id: '903dbd0e9374eb6bef21fbbc37d7aaaf') in 0.004916 seconds 
========================================================================
Received Import Request.
  Time since last request: 10.752247 seconds.
  path: Assets/Editor
  artifactKey: Guid(fa1cff56465388742ac9935fcd74d669) Importer(815301076,1909f56bfc062723c751e8b465ee728b)
Start importing Assets/Editor using Guid(fa1cff56465388742ac9935fcd74d669) Importer(815301076,1909f56bfc062723c751e8b465ee728b)  -> (artifact id: 'af33b9ab9f76cb94a312bad4a6949613') in 0.003393 seconds 
========================================================================
Received Import Request.
  Time since last request: 58.761835 seconds.
  path: Assets/Scpits
  artifactKey: Guid(fa1cff56465388742ac9935fcd74d669) Importer(815301076,1909f56bfc062723c751e8b465ee728b)
Start importing Assets/Scpits using Guid(fa1cff56465388742ac9935fcd74d669) Importer(815301076,1909f56bfc062723c751e8b465ee728b)  -> (artifact id: 'b480f37c8b2f7ac25e25296f60309779') in 0.003393 seconds 
========================================================================
Received Import Request.
  Time since last request: 11.184736 seconds.
  path: Assets/Script
  artifactKey: Guid(fa1cff56465388742ac9935fcd74d669) Importer(815301076,1909f56bfc062723c751e8b465ee728b)
Start importing Assets/Script using Guid(fa1cff56465388742ac9935fcd74d669) Importer(815301076,1909f56bfc062723c751e8b465ee728b)  -> (artifact id: 'fa3614c52566af66cbe7a2a27be8904b') in 0.003770 seconds 
========================================================================
Received Import Request.
  Time since last request: 68.972044 seconds.
  path: Assets/moves.cs
  artifactKey: Guid(f61531ae994ebf34fabb85856fe065ed) Importer(815301076,1909f56bfc062723c751e8b465ee728b)
Start importing Assets/moves.cs using Guid(f61531ae994ebf34fabb85856fe065ed) Importer(815301076,1909f56bfc062723c751e8b465ee728b)  -> (artifact id: 'c780c217100913aa1ab1ea585412d314') in 0.004295 seconds 
========================================================================
Received Import Request.
  Time since last request: 43.476063 seconds.
  path: Assets/moves.cs
  artifactKey: Guid(f61531ae994ebf34fabb85856fe065ed) Importer(815301076,1909f56bfc062723c751e8b465ee728b)
Start importing Assets/moves.cs using Guid(f61531ae994ebf34fabb85856fe065ed) Importer(815301076,1909f56bfc062723c751e8b465ee728b)  -> (artifact id: '087994e4f8e4957a773920aee6f1d904') in 0.003282 seconds 
========================================================================
Received Import Request.
  Time since last request: 51.198648 seconds.
  path: Assets/move.cs
  artifactKey: Guid(565cdacb1f395654f89c345a8f1be0d8) Importer(815301076,1909f56bfc062723c751e8b465ee728b)
Start importing Assets/move.cs using Guid(565cdacb1f395654f89c345a8f1be0d8) Importer(815301076,1909f56bfc062723c751e8b465ee728b)  -> (artifact id: '758871446c9a46d4bcaad5a734c576b2') in 0.002345 seconds 
========================================================================
Received Import Request.
  Time since last request: 58.390235 seconds.
  path: Assets/mov3.cs
  artifactKey: Guid(fcf6c9d8890656d4cade49b24a168a9e) Importer(815301076,1909f56bfc062723c751e8b465ee728b)
Start importing Assets/mov3.cs using Guid(fcf6c9d8890656d4cade49b24a168a9e) Importer(815301076,1909f56bfc062723c751e8b465ee728b)  -> (artifact id: '8531a965b59da76691974a890a5b41d4') in 0.004106 seconds 
========================================================================
Received Import Request.
  Time since last request: 29.177728 seconds.
  path: Assets/mov3.cs
  artifactKey: Guid(fcf6c9d8890656d4cade49b24a168a9e) Importer(815301076,1909f56bfc062723c751e8b465ee728b)
Start importing Assets/mov3.cs using Guid(fcf6c9d8890656d4cade49b24a168a9e) Importer(815301076,1909f56bfc062723c751e8b465ee728b)  -> (artifact id: 'd0255bc5e570886f3e5ea45cc032f6a5') in 0.003401 seconds 
========================================================================
Received Import Request.
  Time since last request: 99.716020 seconds.
  path: Assets/movee.cs
  artifactKey: Guid(228683327545c924a93ebee3f3f7cc84) Importer(815301076,1909f56bfc062723c751e8b465ee728b)
Start importing Assets/movee.cs using Guid(228683327545c924a93ebee3f3f7cc84) Importer(815301076,1909f56bfc062723c751e8b465ee728b)  -> (artifact id: '8b6e5ac16568ef49c13fda26628d3611') in 0.003694 seconds 
========================================================================
Received Import Request.
  Time since last request: 62.560337 seconds.
  path: Assets/movee.cs
  artifactKey: Guid(228683327545c924a93ebee3f3f7cc84) Importer(815301076,1909f56bfc062723c751e8b465ee728b)
Start importing Assets/movee.cs using Guid(228683327545c924a93ebee3f3f7cc84) Importer(815301076,1909f56bfc062723c751e8b465ee728b)  -> (artifact id: '235fa3f52cf8350bb85111edb1dd9bcb') in 0.002286 seconds 
========================================================================
Received Import Request.
  Time since last request: 612.410122 seconds.
  path: Assets/movee.cs
  artifactKey: Guid(228683327545c924a93ebee3f3f7cc84) Importer(815301076,1909f56bfc062723c751e8b465ee728b)
Start importing Assets/movee.cs using Guid(228683327545c924a93ebee3f3f7cc84) Importer(815301076,1909f56bfc062723c751e8b465ee728b)  -> (artifact id: 'd7c0ef16bdc864f27617ccbd67372212') in 0.002534 seconds 
========================================================================
Received Import Request.
  Time since last request: 382.655698 seconds.
  path: Assets/Script/move1.cs
  artifactKey: Guid(323b2f23aac34b743b1165d588951764) Importer(815301076,1909f56bfc062723c751e8b465ee728b)
Start importing Assets/Script/move1.cs using Guid(323b2f23aac34b743b1165d588951764) Importer(815301076,1909f56bfc062723c751e8b465ee728b)  -> (artifact id: 'beba55dbd3c4148d80d1ce7941b133c1') in 0.002980 seconds 
========================================================================
Received Import Request.
  Time since last request: 1021.379165 seconds.
  path: Assets/NewBehaviourScript.cs
  artifactKey: Guid(57f0f7ed7153582458f0aa7cdd86abfd) Importer(815301076,1909f56bfc062723c751e8b465ee728b)
Start importing Assets/NewBehaviourScript.cs using Guid(57f0f7ed7153582458f0aa7cdd86abfd) Importer(815301076,1909f56bfc062723c751e8b465ee728b)  -> (artifact id: 'fadc3328b6dc1ef3d99ca67b02ecc1f6') in 0.002506 seconds 
========================================================================
Received Import Request.
  Time since last request: 79.685337 seconds.
  path: Assets/NewBehaviourScript1.cs
  artifactKey: Guid(fa7cdc041e709c04c9734b1170d8f4d8) Importer(815301076,1909f56bfc062723c751e8b465ee728b)
Start importing Assets/NewBehaviourScript1.cs using Guid(fa7cdc041e709c04c9734b1170d8f4d8) Importer(815301076,1909f56bfc062723c751e8b465ee728b)  -> (artifact id: 'a4bbd6de501b3caf5e71942f3df23419') in 0.003270 seconds 
========================================================================
Received Import Request.
  Time since last request: 206.449330 seconds.
  path: Assets/NewBehaviourScript1.cs
  artifactKey: Guid(fa7cdc041e709c04c9734b1170d8f4d8) Importer(815301076,1909f56bfc062723c751e8b465ee728b)
Start importing Assets/NewBehaviourScript1.cs using Guid(fa7cdc041e709c04c9734b1170d8f4d8) Importer(815301076,1909f56bfc062723c751e8b465ee728b)  -> (artifact id: '6088e142f37d1ec2d7f5096f995dee6a') in 0.003004 seconds 
========================================================================
Received Import Request.
  Time since last request: 124.582992 seconds.
  path: Assets/sgrgras.cs
  artifactKey: Guid(60059b78a1f9103449308bc37ad324a8) Importer(815301076,1909f56bfc062723c751e8b465ee728b)
Start importing Assets/sgrgras.cs using Guid(60059b78a1f9103449308bc37ad324a8) Importer(815301076,1909f56bfc062723c751e8b465ee728b)  -> (artifact id: '281458f0ce055e1d2fcdecfae56a3bcd') in 0.003522 seconds 
========================================================================
Received Import Request.
  Time since last request: 42.738222 seconds.
  path: Assets/sgrgras.cs
  artifactKey: Guid(60059b78a1f9103449308bc37ad324a8) Importer(815301076,1909f56bfc062723c751e8b465ee728b)
Start importing Assets/sgrgras.cs using Guid(60059b78a1f9103449308bc37ad324a8) Importer(815301076,1909f56bfc062723c751e8b465ee728b)  -> (artifact id: '73d052a053e52d8f4b67b2502738a83b') in 0.002414 seconds 
========================================================================
Received Import Request.
  Time since last request: 1307.862337 seconds.
  path: Assets/sgrgras.cs
  artifactKey: Guid(60059b78a1f9103449308bc37ad324a8) Importer(815301076,1909f56bfc062723c751e8b465ee728b)
Start importing Assets/sgrgras.cs using Guid(60059b78a1f9103449308bc37ad324a8) Importer(815301076,1909f56bfc062723c751e8b465ee728b)  -> (artifact id: '904038422f22c4d0e59613c8453895a0') in 0.002523 seconds 
========================================================================
Received Import Request.
  Time since last request: 149.421792 seconds.
  path: Assets/sgrgras.cs
  artifactKey: Guid(60059b78a1f9103449308bc37ad324a8) Importer(815301076,1909f56bfc062723c751e8b465ee728b)
Start importing Assets/sgrgras.cs using Guid(60059b78a1f9103449308bc37ad324a8) Importer(815301076,1909f56bfc062723c751e8b465ee728b)  -> (artifact id: '47aa9b55a1317693fa882fcf3a1fd07a') in 0.002779 seconds 
========================================================================
Received Import Request.
  Time since last request: 394.110387 seconds.
  path: Assets/sgrgras.cs
  artifactKey: Guid(60059b78a1f9103449308bc37ad324a8) Importer(815301076,1909f56bfc062723c751e8b465ee728b)
Start importing Assets/sgrgras.cs using Guid(60059b78a1f9103449308bc37ad324a8) Importer(815301076,1909f56bfc062723c751e8b465ee728b)  -> (artifact id: '40165368943e975e9fd4edac243a8c6c') in 0.002928 seconds 
========================================================================
Received Import Request.
  Time since last request: 366.807809 seconds.
  path: Assets/sgrgras.cs
  artifactKey: Guid(60059b78a1f9103449308bc37ad324a8) Importer(815301076,1909f56bfc062723c751e8b465ee728b)
Start importing Assets/sgrgras.cs using Guid(60059b78a1f9103449308bc37ad324a8) Importer(815301076,1909f56bfc062723c751e8b465ee728b)  -> (artifact id: 'f4def09bb01a5ee794741c1f0c4779a0') in 0.002973 seconds 
========================================================================
Received Import Request.
  Time since last request: 97.318414 seconds.
  path: Assets/sgrgras.cs
  artifactKey: Guid(60059b78a1f9103449308bc37ad324a8) Importer(815301076,1909f56bfc062723c751e8b465ee728b)
Start importing Assets/sgrgras.cs using Guid(60059b78a1f9103449308bc37ad324a8) Importer(815301076,1909f56bfc062723c751e8b465ee728b)  -> (artifact id: '186afe577695381671f790d7cdcc07b2') in 0.003764 seconds 
========================================================================
Received Import Request.
  Time since last request: 101.144128 seconds.
  path: Assets/kkk.cs
  artifactKey: Guid(422f30234f3534e42aa500613814c20e) Importer(815301076,1909f56bfc062723c751e8b465ee728b)
Start importing Assets/kkk.cs using Guid(422f30234f3534e42aa500613814c20e) Importer(815301076,1909f56bfc062723c751e8b465ee728b)  -> (artifact id: '1ea942136bd02ce58833ed256ed2c345') in 0.005691 seconds 
========================================================================
Received Import Request.
  Time since last request: 101.380407 seconds.
  path: Assets/kkk.cs
  artifactKey: Guid(422f30234f3534e42aa500613814c20e) Importer(815301076,1909f56bfc062723c751e8b465ee728b)
Start importing Assets/kkk.cs using Guid(422f30234f3534e42aa500613814c20e) Importer(815301076,1909f56bfc062723c751e8b465ee728b)  -> (artifact id: '82922325818bc768d5c2d28befbf1ee6') in 0.002918 seconds 
========================================================================
Received Import Request.
  Time since last request: 179.865211 seconds.
  path: Packages/com.unity.ext.nunit
  artifactKey: Guid(25a477c2f24db8778a4179421a32cc21) Importer(815301076,1909f56bfc062723c751e8b465ee728b)
Start importing Packages/com.unity.ext.nunit using Guid(25a477c2f24db8778a4179421a32cc21) Importer(815301076,1909f56bfc062723c751e8b465ee728b)  -> (artifact id: '0185468941a8061937df5f40aeed2fcd') in 0.003904 seconds 
AssetImportWorkerClient::OnTransportError - code=2 error=End of file
